DEBUG:root:This is a debug log.
INFO:root:This is a info log.
WARNING:root:This is a warning log.
ERROR:root:This is a error log.
CRITICAL:root:This is a critical log.
DEBUG:root:This is a debug log.
INFO:root:This is a info log.
WARNING:root:This is a warning log.
ERROR:root:This is a error log.
CRITICAL:root:This is a critical log.
DEBUG:root:This is a debug log.
INFO:root:This is a info log.
WARNING:root:This is a warning log.
ERROR:root:This is a error log.
CRITICAL:root:This is a critical log.
DEBUG:root:This is a debug log.
INFO:root:This is a info log.
WARNING:root:This is a warning log.
ERROR:root:This is a error log.
CRITICAL:root:This is a critical log.
DEBUG:root:This is a debug log.
INFO:root:This is a info log.
WARNING:root:This is a warning log.
ERROR:root:This is a error log.
CRITICAL:root:This is a critical log.
DEBUG:root:This is a debug log.
INFO:root:This is a info log.
WARNING:root:This is a warning log.
ERROR:root:This is a error log.
CRITICAL:root:This is a critical log.
DEBUG:root:This is a debug log.
INFO:root:This is a info log.
WARNING:root:This is a warning log.
ERROR:root:This is a error log.
CRITICAL:root:This is a critical log.
DEBUG:root:This is a debug log.
INFO:root:This is a info log.
WARNING:root:This is a warning log.
ERROR:root:This is a error log.
CRITICAL:root:This is a critical log.
2019-02-20 20:38:55,112=====DEBUG+++++This is a debug log.
2019-02-20 20:38:55,113=====INFO+++++This is a info log.
2019-02-20 20:38:55,113=====WARNING+++++This is a warning log.
2019-02-20 20:38:55,114=====ERROR+++++This is a error log.
2019-02-20 20:38:55,114=====CRITICAL+++++This is a critical log.
2019-02-20 20:38:55,114=====DEBUG+++++This is a debug log.
2019-02-20 20:38:55,114=====INFO+++++This is a info log.
2019-02-20 20:38:55,114=====WARNING+++++This is a warning log.
2019-02-20 20:38:55,115=====ERROR+++++This is a error log.
2019-02-20 20:38:55,115=====CRITICAL+++++This is a critical log.
